<?xml version="1.0" encoding="UTF-8"?>
<coverage generated="1659189749692" clover="3.2.0">
  <project timestamp="1659189749693" name="All files">
    <metrics statements="23" coveredstatements="23" conditionals="14" coveredconditionals="14" methods="4" coveredmethods="4" elements="41" coveredelements="41" complexity="0" loc="23" ncloc="23" packages="1" files="2" classes="2"/>
    <file name="binarySearch.js" path="/home/lavio/github/eda/eda/binarySearch.js">
      <metrics statements="13" coveredstatements="13" conditionals="8" coveredconditionals="8" methods="1" coveredmethods="1"/>
      <line num="2" count="7" type="cond" truecount="4" falsecount="0"/>
      <line num="3" count="2" type="stmt"/>
      <line num="5" count="5" type="stmt"/>
      <line num="6" count="5" type="stmt"/>
      <line num="7" count="5" type="stmt"/>
      <line num="8" count="8" type="stmt"/>
      <line num="9" count="8" type="cond" truecount="2" falsecount="0"/>
      <line num="10" count="3" type="stmt"/>
      <line num="11" count="5" type="cond" truecount="2" falsecount="0"/>
      <line num="12" count="3" type="stmt"/>
      <line num="14" count="2" type="stmt"/>
      <line num="16" count="2" type="stmt"/>
      <line num="19" count="1" type="stmt"/>
    </file>
    <file name="quicksort.js" path="/home/lavio/github/eda/eda/quicksort.js">
      <metrics statements="10" coveredstatements="10" conditionals="6" coveredconditionals="6" methods="3" coveredmethods="3"/>
      <line num="2" count="44" type="cond" truecount="4" falsecount="0"/>
      <line num="3" count="2" type="stmt"/>
      <line num="5" count="42" type="cond" truecount="2" falsecount="0"/>
      <line num="6" count="23" type="stmt"/>
      <line num="8" count="19" type="stmt"/>
      <line num="9" count="19" type="stmt"/>
      <line num="10" count="83" type="stmt"/>
      <line num="11" count="83" type="stmt"/>
      <line num="13" count="19" type="stmt"/>
      <line num="16" count="1" type="stmt"/>
    </file>
  </project>
</coverage>
