{"/home/lavio/github/eda/eda/binarySearch.js": {"path":"/home/lavio/github/eda/eda/binarySearch.js","statementMap":{"0":{"start":{"line":2,"column":2},"end":{"line":4,"column":3}},"1":{"start":{"line":3,"column":4},"end":{"line":3,"column":55}},"2":{"start":{"line":5,"column":14},"end":{"line":5,"column":15}},"3":{"start":{"line":6,"column":12},"end":{"line":6,"column":28}},"4":{"start":{"line":7,"column":2},"end":{"line":15,"column":3}},"5":{"start":{"line":8,"column":17},"end":{"line":8,"column":45}},"6":{"start":{"line":9,"column":4},"end":{"line":14,"column":22}},"7":{"start":{"line":10,"column":6},"end":{"line":10,"column":19}},"8":{"start":{"line":11,"column":9},"end":{"line":14,"column":22}},"9":{"start":{"line":12,"column":6},"end":{"line":12,"column":24}},"10":{"start":{"line":14,"column":6},"end":{"line":14,"column":22}},"11":{"start":{"line":16,"column":2},"end":{"line":16,"column":11}},"12":{"start":{"line":19,"column":0},"end":{"line":19,"column":29}}},"fnMap":{"0":{"name":"binarySearch","decl":{"start":{"line":1,"column":9},"end":{"line":1,"column":21}},"loc":{"start":{"line":1,"column":37},"end":{"line":17,"column":1}},"line":1}},"branchMap":{"0":{"loc":{"start":{"line":2,"column":2},"end":{"line":4,"column":3}},"type":"if","locations":[{"start":{"line":2,"column":2},"end":{"line":4,"column":3}},{"start":{},"end":{}}],"line":2},"1":{"loc":{"start":{"line":2,"column":5},"end":{"line":2,"column":36}},"type":"binary-expr","locations":[{"start":{"line":2,"column":5},"end":{"line":2,"column":11}},{"start":{"line":2,"column":15},"end":{"line":2,"column":36}}],"line":2},"2":{"loc":{"start":{"line":9,"column":4},"end":{"line":14,"column":22}},"type":"if","locations":[{"start":{"line":9,"column":4},"end":{"line":14,"column":22}},{"start":{"line":11,"column":9},"end":{"line":14,"column":22}}],"line":9},"3":{"loc":{"start":{"line":11,"column":9},"end":{"line":14,"column":22}},"type":"if","locations":[{"start":{"line":11,"column":9},"end":{"line":14,"column":22}},{"start":{"line":14,"column":6},"end":{"line":14,"column":22}}],"line":11}},"s":{"0":7,"1":2,"2":5,"3":5,"4":5,"5":8,"6":8,"7":3,"8":5,"9":3,"10":2,"11":2,"12":1},"f":{"0":7},"b":{"0":[2,5],"1":[7,6],"2":[3,5],"3":[3,2]},"_coverageSchema":"1a1c01bbd47fc00a2c39e90264f33305004495a9","hash":"c391ef22908c889a9378944885455c58b8f851ae"}
,"/home/lavio/github/eda/eda/quicksort.js": {"path":"/home/lavio/github/eda/eda/quicksort.js","statementMap":{"0":{"start":{"line":2,"column":2},"end":{"line":4,"column":3}},"1":{"start":{"line":3,"column":4},"end":{"line":3,"column":49}},"2":{"start":{"line":5,"column":2},"end":{"line":7,"column":3}},"3":{"start":{"line":6,"column":4},"end":{"line":6,"column":16}},"4":{"start":{"line":8,"column":23},"end":{"line":8,"column":62}},"5":{"start":{"line":9,"column":16},"end":{"line":9,"column":35}},"6":{"start":{"line":10,"column":15},"end":{"line":10,"column":47}},"7":{"start":{"line":10,"column":35},"end":{"line":10,"column":46}},"8":{"start":{"line":11,"column":16},"end":{"line":11,"column":48}},"9":{"start":{"line":11,"column":36},"end":{"line":11,"column":47}},"10":{"start":{"line":13,"column":2},"end":{"line":13,"column":63}},"11":{"start":{"line":16,"column":0},"end":{"line":16,"column":26}}},"fnMap":{"0":{"name":"quickSort","decl":{"start":{"line":1,"column":9},"end":{"line":1,"column":18}},"loc":{"start":{"line":1,"column":26},"end":{"line":14,"column":1}},"line":1},"1":{"name":"(anonymous_1)","decl":{"start":{"line":10,"column":28},"end":{"line":10,"column":29}},"loc":{"start":{"line":10,"column":35},"end":{"line":10,"column":46}},"line":10},"2":{"name":"(anonymous_2)","decl":{"start":{"line":11,"column":29},"end":{"line":11,"column":30}},"loc":{"start":{"line":11,"column":36},"end":{"line":11,"column":47}},"line":11}},"branchMap":{"0":{"loc":{"start":{"line":2,"column":2},"end":{"line":4,"column":3}},"type":"if","locations":[{"start":{"line":2,"column":2},"end":{"line":4,"column":3}},{"start":{},"end":{}}],"line":2},"1":{"loc":{"start":{"line":2,"column":5},"end":{"line":2,"column":36}},"type":"binary-expr","locations":[{"start":{"line":2,"column":5},"end":{"line":2,"column":11}},{"start":{"line":2,"column":15},"end":{"line":2,"column":36}}],"line":2},"2":{"loc":{"start":{"line":5,"column":2},"end":{"line":7,"column":3}},"type":"if","locations":[{"start":{"line":5,"column":2},"end":{"line":7,"column":3}},{"start":{},"end":{}}],"line":5}},"s":{"0":44,"1":2,"2":42,"3":23,"4":19,"5":19,"6":19,"7":78,"8":19,"9":78,"10":19,"11":1},"f":{"0":44,"1":78,"2":78},"b":{"0":[2,42],"1":[44,43],"2":[23,19]},"_coverageSchema":"1a1c01bbd47fc00a2c39e90264f33305004495a9","hash":"27928efcbbfa55eee7f48a2f2664a91a8fe00aa5"}
,"/home/lavio/github/eda/eda/selectionSort.js": {"path":"/home/lavio/github/eda/eda/selectionSort.js","statementMap":{"0":{"start":{"line":2,"column":17},"end":{"line":2,"column":18}},"1":{"start":{"line":3,"column":2},"end":{"line":8,"column":3}},"2":{"start":{"line":3,"column":15},"end":{"line":3,"column":16}},"3":{"start":{"line":4,"column":18},"end":{"line":4,"column":26}},"4":{"start":{"line":5,"column":4},"end":{"line":7,"column":5}},"5":{"start":{"line":6,"column":6},"end":{"line":6,"column":18}},"6":{"start":{"line":9,"column":2},"end":{"line":9,"column":17}},"7":{"start":{"line":13,"column":2},"end":{"line":15,"column":3}},"8":{"start":{"line":14,"column":4},"end":{"line":14,"column":49}},"9":{"start":{"line":16,"column":17},"end":{"line":16,"column":19}},"10":{"start":{"line":17,"column":20},"end":{"line":17,"column":32}},"11":{"start":{"line":18,"column":2},"end":{"line":23,"column":3}},"12":{"start":{"line":19,"column":21},"end":{"line":19,"column":35}},"13":{"start":{"line":20,"column":21},"end":{"line":20,"column":36}},"14":{"start":{"line":21,"column":4},"end":{"line":21,"column":29}},"15":{"start":{"line":22,"column":4},"end":{"line":22,"column":27}},"16":{"start":{"line":24,"column":2},"end":{"line":24,"column":17}},"17":{"start":{"line":27,"column":0},"end":{"line":27,"column":30}}},"fnMap":{"0":{"name":"findMin","decl":{"start":{"line":1,"column":9},"end":{"line":1,"column":16}},"loc":{"start":{"line":1,"column":24},"end":{"line":10,"column":1}},"line":1},"1":{"name":"selectionSort","decl":{"start":{"line":12,"column":9},"end":{"line":12,"column":22}},"loc":{"start":{"line":12,"column":30},"end":{"line":25,"column":1}},"line":12}},"branchMap":{"0":{"loc":{"start":{"line":5,"column":4},"end":{"line":7,"column":5}},"type":"if","locations":[{"start":{"line":5,"column":4},"end":{"line":7,"column":5}},{"start":{},"end":{}}],"line":5},"1":{"loc":{"start":{"line":13,"column":2},"end":{"line":15,"column":3}},"type":"if","locations":[{"start":{"line":13,"column":2},"end":{"line":15,"column":3}},{"start":{},"end":{}}],"line":13},"2":{"loc":{"start":{"line":13,"column":5},"end":{"line":13,"column":36}},"type":"binary-expr","locations":[{"start":{"line":13,"column":5},"end":{"line":13,"column":11}},{"start":{"line":13,"column":15},"end":{"line":13,"column":36}}],"line":13}},"s":{"0":30,"1":30,"2":30,"3":140,"4":140,"5":55,"6":30,"7":6,"8":2,"9":4,"10":4,"11":4,"12":30,"13":30,"14":30,"15":30,"16":4,"17":1},"f":{"0":30,"1":6},"b":{"0":[55,85],"1":[2,4],"2":[6,5]},"_coverageSchema":"1a1c01bbd47fc00a2c39e90264f33305004495a9","hash":"fa68994f354327c78a1785017e923d331c389a53"}
}
