{"/home/lavio/github/eda/eda/binarySearch.js": {"path":"/home/lavio/github/eda/eda/binarySearch.js","statementMap":{"0":{"start":{"line":2,"column":2},"end":{"line":4,"column":3}},"1":{"start":{"line":3,"column":4},"end":{"line":3,"column":55}},"2":{"start":{"line":5,"column":14},"end":{"line":5,"column":15}},"3":{"start":{"line":6,"column":12},"end":{"line":6,"column":28}},"4":{"start":{"line":7,"column":2},"end":{"line":15,"column":3}},"5":{"start":{"line":8,"column":17},"end":{"line":8,"column":45}},"6":{"start":{"line":9,"column":4},"end":{"line":14,"column":22}},"7":{"start":{"line":10,"column":6},"end":{"line":10,"column":19}},"8":{"start":{"line":11,"column":9},"end":{"line":14,"column":22}},"9":{"start":{"line":12,"column":6},"end":{"line":12,"column":24}},"10":{"start":{"line":14,"column":6},"end":{"line":14,"column":22}},"11":{"start":{"line":16,"column":2},"end":{"line":16,"column":11}},"12":{"start":{"line":19,"column":0},"end":{"line":19,"column":29}}},"fnMap":{"0":{"name":"binarySearch","decl":{"start":{"line":1,"column":9},"end":{"line":1,"column":21}},"loc":{"start":{"line":1,"column":37},"end":{"line":17,"column":1}},"line":1}},"branchMap":{"0":{"loc":{"start":{"line":2,"column":2},"end":{"line":4,"column":3}},"type":"if","locations":[{"start":{"line":2,"column":2},"end":{"line":4,"column":3}},{"start":{},"end":{}}],"line":2},"1":{"loc":{"start":{"line":2,"column":5},"end":{"line":2,"column":36}},"type":"binary-expr","locations":[{"start":{"line":2,"column":5},"end":{"line":2,"column":11}},{"start":{"line":2,"column":15},"end":{"line":2,"column":36}}],"line":2},"2":{"loc":{"start":{"line":9,"column":4},"end":{"line":14,"column":22}},"type":"if","locations":[{"start":{"line":9,"column":4},"end":{"line":14,"column":22}},{"start":{"line":11,"column":9},"end":{"line":14,"column":22}}],"line":9},"3":{"loc":{"start":{"line":11,"column":9},"end":{"line":14,"column":22}},"type":"if","locations":[{"start":{"line":11,"column":9},"end":{"line":14,"column":22}},{"start":{"line":14,"column":6},"end":{"line":14,"column":22}}],"line":11}},"s":{"0":7,"1":2,"2":5,"3":5,"4":5,"5":8,"6":8,"7":3,"8":5,"9":3,"10":2,"11":2,"12":1},"f":{"0":7},"b":{"0":[2,5],"1":[7,6],"2":[3,5],"3":[3,2]},"_coverageSchema":"1a1c01bbd47fc00a2c39e90264f33305004495a9","hash":"c391ef22908c889a9378944885455c58b8f851ae"}
,"/home/lavio/github/eda/eda/hash.js": {"path":"/home/lavio/github/eda/eda/hash.js","statementMap":{"0":{"start":{"line":1,"column":19},"end":{"line":1,"column":21}},"1":{"start":{"line":2,"column":24},"end":{"line":2,"column":36}},"2":{"start":{"line":3,"column":16},"end":{"line":3,"column":37}},"3":{"start":{"line":6,"column":18},"end":{"line":6,"column":23}},"4":{"start":{"line":7,"column":2},"end":{"line":9,"column":3}},"5":{"start":{"line":8,"column":4},"end":{"line":8,"column":88}},"6":{"start":{"line":8,"column":44},"end":{"line":8,"column":62}},"7":{"start":{"line":8,"column":81},"end":{"line":8,"column":86}},"8":{"start":{"line":10,"column":16},"end":{"line":10,"column":74}},"9":{"start":{"line":12,"column":2},"end":{"line":12,"column":14}},"10":{"start":{"line":16,"column":16},"end":{"line":16,"column":25}},"11":{"start":{"line":17,"column":2},"end":{"line":19,"column":3}},"12":{"start":{"line":18,"column":4},"end":{"line":18,"column":26}},"13":{"start":{"line":20,"column":2},"end":{"line":20,"column":31}},"14":{"start":{"line":24,"column":17},"end":{"line":24,"column":39}},"15":{"start":{"line":25,"column":2},"end":{"line":27,"column":3}},"16":{"start":{"line":26,"column":4},"end":{"line":26,"column":21}},"17":{"start":{"line":28,"column":2},"end":{"line":28,"column":50}},"18":{"start":{"line":32,"column":2},"end":{"line":32,"column":36}},"19":{"start":{"line":35,"column":0},"end":{"line":39,"column":1}}},"fnMap":{"0":{"name":"hash","decl":{"start":{"line":5,"column":9},"end":{"line":5,"column":13}},"loc":{"start":{"line":5,"column":21},"end":{"line":13,"column":1}},"line":5},"1":{"name":"(anonymous_1)","decl":{"start":{"line":8,"column":36},"end":{"line":8,"column":37}},"loc":{"start":{"line":8,"column":44},"end":{"line":8,"column":62}},"line":8},"2":{"name":"(anonymous_2)","decl":{"start":{"line":8,"column":71},"end":{"line":8,"column":72}},"loc":{"start":{"line":8,"column":81},"end":{"line":8,"column":86}},"line":8},"3":{"name":"set","decl":{"start":{"line":15,"column":9},"end":{"line":15,"column":12}},"loc":{"start":{"line":15,"column":25},"end":{"line":21,"column":1}},"line":15},"4":{"name":"get","decl":{"start":{"line":23,"column":9},"end":{"line":23,"column":12}},"loc":{"start":{"line":23,"column":20},"end":{"line":29,"column":1}},"line":23},"5":{"name":"clear","decl":{"start":{"line":31,"column":9},"end":{"line":31,"column":14}},"loc":{"start":{"line":31,"column":17},"end":{"line":33,"column":1}},"line":31}},"branchMap":{"0":{"loc":{"start":{"line":7,"column":2},"end":{"line":9,"column":3}},"type":"if","locations":[{"start":{"line":7,"column":2},"end":{"line":9,"column":3}},{"start":{},"end":{}}],"line":7},"1":{"loc":{"start":{"line":17,"column":2},"end":{"line":19,"column":3}},"type":"if","locations":[{"start":{"line":17,"column":2},"end":{"line":19,"column":3}},{"start":{},"end":{}}],"line":17},"2":{"loc":{"start":{"line":25,"column":2},"end":{"line":27,"column":3}},"type":"if","locations":[{"start":{"line":25,"column":2},"end":{"line":27,"column":3}},{"start":{},"end":{}}],"line":25},"3":{"loc":{"start":{"line":28,"column":9},"end":{"line":28,"column":49}},"type":"cond-expr","locations":[{"start":{"line":28,"column":31},"end":{"line":28,"column":40}},{"start":{"line":28,"column":43},"end":{"line":28,"column":49}}],"line":28}},"s":{"0":1,"1":1,"2":1,"3":10,"4":10,"5":8,"6":24,"7":16,"8":10,"9":10,"10":5,"11":5,"12":4,"13":5,"14":5,"15":5,"16":1,"17":4,"18":5,"19":1},"f":{"0":10,"1":24,"2":16,"3":5,"4":5,"5":5},"b":{"0":[8,2],"1":[4,1],"2":[1,4],"3":[3,1]},"_coverageSchema":"1a1c01bbd47fc00a2c39e90264f33305004495a9","hash":"961900291ecf98b9a117a7c1a28416cc884cbd41"}
,"/home/lavio/github/eda/eda/quicksort.js": {"path":"/home/lavio/github/eda/eda/quicksort.js","statementMap":{"0":{"start":{"line":2,"column":2},"end":{"line":4,"column":3}},"1":{"start":{"line":3,"column":4},"end":{"line":3,"column":49}},"2":{"start":{"line":5,"column":2},"end":{"line":7,"column":3}},"3":{"start":{"line":6,"column":4},"end":{"line":6,"column":16}},"4":{"start":{"line":8,"column":23},"end":{"line":8,"column":62}},"5":{"start":{"line":9,"column":16},"end":{"line":9,"column":35}},"6":{"start":{"line":10,"column":15},"end":{"line":10,"column":47}},"7":{"start":{"line":10,"column":35},"end":{"line":10,"column":46}},"8":{"start":{"line":11,"column":16},"end":{"line":11,"column":48}},"9":{"start":{"line":11,"column":36},"end":{"line":11,"column":47}},"10":{"start":{"line":13,"column":2},"end":{"line":13,"column":63}},"11":{"start":{"line":16,"column":0},"end":{"line":16,"column":26}}},"fnMap":{"0":{"name":"quickSort","decl":{"start":{"line":1,"column":9},"end":{"line":1,"column":18}},"loc":{"start":{"line":1,"column":26},"end":{"line":14,"column":1}},"line":1},"1":{"name":"(anonymous_1)","decl":{"start":{"line":10,"column":28},"end":{"line":10,"column":29}},"loc":{"start":{"line":10,"column":35},"end":{"line":10,"column":46}},"line":10},"2":{"name":"(anonymous_2)","decl":{"start":{"line":11,"column":29},"end":{"line":11,"column":30}},"loc":{"start":{"line":11,"column":36},"end":{"line":11,"column":47}},"line":11}},"branchMap":{"0":{"loc":{"start":{"line":2,"column":2},"end":{"line":4,"column":3}},"type":"if","locations":[{"start":{"line":2,"column":2},"end":{"line":4,"column":3}},{"start":{},"end":{}}],"line":2},"1":{"loc":{"start":{"line":2,"column":5},"end":{"line":2,"column":36}},"type":"binary-expr","locations":[{"start":{"line":2,"column":5},"end":{"line":2,"column":11}},{"start":{"line":2,"column":15},"end":{"line":2,"column":36}}],"line":2},"2":{"loc":{"start":{"line":5,"column":2},"end":{"line":7,"column":3}},"type":"if","locations":[{"start":{"line":5,"column":2},"end":{"line":7,"column":3}},{"start":{},"end":{}}],"line":5}},"s":{"0":44,"1":2,"2":42,"3":23,"4":19,"5":19,"6":19,"7":90,"8":19,"9":90,"10":19,"11":1},"f":{"0":44,"1":90,"2":90},"b":{"0":[2,42],"1":[44,43],"2":[23,19]},"_coverageSchema":"1a1c01bbd47fc00a2c39e90264f33305004495a9","hash":"27928efcbbfa55eee7f48a2f2664a91a8fe00aa5"}
,"/home/lavio/github/eda/eda/selectionSort.js": {"path":"/home/lavio/github/eda/eda/selectionSort.js","statementMap":{"0":{"start":{"line":2,"column":17},"end":{"line":2,"column":18}},"1":{"start":{"line":3,"column":2},"end":{"line":8,"column":3}},"2":{"start":{"line":3,"column":15},"end":{"line":3,"column":16}},"3":{"start":{"line":4,"column":18},"end":{"line":4,"column":26}},"4":{"start":{"line":5,"column":4},"end":{"line":7,"column":5}},"5":{"start":{"line":6,"column":6},"end":{"line":6,"column":18}},"6":{"start":{"line":9,"column":2},"end":{"line":9,"column":17}},"7":{"start":{"line":13,"column":2},"end":{"line":15,"column":3}},"8":{"start":{"line":14,"column":4},"end":{"line":14,"column":49}},"9":{"start":{"line":16,"column":17},"end":{"line":16,"column":19}},"10":{"start":{"line":17,"column":20},"end":{"line":17,"column":32}},"11":{"start":{"line":18,"column":2},"end":{"line":23,"column":3}},"12":{"start":{"line":19,"column":21},"end":{"line":19,"column":35}},"13":{"start":{"line":20,"column":21},"end":{"line":20,"column":36}},"14":{"start":{"line":21,"column":4},"end":{"line":21,"column":29}},"15":{"start":{"line":22,"column":4},"end":{"line":22,"column":27}},"16":{"start":{"line":24,"column":2},"end":{"line":24,"column":17}},"17":{"start":{"line":27,"column":0},"end":{"line":27,"column":30}}},"fnMap":{"0":{"name":"findMin","decl":{"start":{"line":1,"column":9},"end":{"line":1,"column":16}},"loc":{"start":{"line":1,"column":24},"end":{"line":10,"column":1}},"line":1},"1":{"name":"selectionSort","decl":{"start":{"line":12,"column":9},"end":{"line":12,"column":22}},"loc":{"start":{"line":12,"column":30},"end":{"line":25,"column":1}},"line":12}},"branchMap":{"0":{"loc":{"start":{"line":5,"column":4},"end":{"line":7,"column":5}},"type":"if","locations":[{"start":{"line":5,"column":4},"end":{"line":7,"column":5}},{"start":{},"end":{}}],"line":5},"1":{"loc":{"start":{"line":13,"column":2},"end":{"line":15,"column":3}},"type":"if","locations":[{"start":{"line":13,"column":2},"end":{"line":15,"column":3}},{"start":{},"end":{}}],"line":13},"2":{"loc":{"start":{"line":13,"column":5},"end":{"line":13,"column":36}},"type":"binary-expr","locations":[{"start":{"line":13,"column":5},"end":{"line":13,"column":11}},{"start":{"line":13,"column":15},"end":{"line":13,"column":36}}],"line":13}},"s":{"0":30,"1":30,"2":30,"3":140,"4":140,"5":55,"6":30,"7":6,"8":2,"9":4,"10":4,"11":4,"12":30,"13":30,"14":30,"15":30,"16":4,"17":1},"f":{"0":30,"1":6},"b":{"0":[55,85],"1":[2,4],"2":[6,5]},"_coverageSchema":"1a1c01bbd47fc00a2c39e90264f33305004495a9","hash":"fa68994f354327c78a1785017e923d331c389a53"}
,"/home/lavio/github/eda/eda/Tree/Node.js": {"path":"/home/lavio/github/eda/eda/Tree/Node.js","statementMap":{"0":{"start":{"line":3,"column":4},"end":{"line":3,"column":21}},"1":{"start":{"line":4,"column":4},"end":{"line":4,"column":21}},"2":{"start":{"line":5,"column":4},"end":{"line":5,"column":22}},"3":{"start":{"line":9,"column":4},"end":{"line":9,"column":21}},"4":{"start":{"line":13,"column":4},"end":{"line":13,"column":21}},"5":{"start":{"line":17,"column":4},"end":{"line":17,"column":22}},"6":{"start":{"line":21,"column":0},"end":{"line":21,"column":22}}},"fnMap":{"0":{"name":"(anonymous_0)","decl":{"start":{"line":2,"column":2},"end":{"line":2,"column":3}},"loc":{"start":{"line":2,"column":20},"end":{"line":6,"column":3}},"line":2},"1":{"name":"(anonymous_1)","decl":{"start":{"line":8,"column":2},"end":{"line":8,"column":3}},"loc":{"start":{"line":8,"column":12},"end":{"line":10,"column":3}},"line":8},"2":{"name":"(anonymous_2)","decl":{"start":{"line":12,"column":2},"end":{"line":12,"column":3}},"loc":{"start":{"line":12,"column":12},"end":{"line":14,"column":3}},"line":12},"3":{"name":"(anonymous_3)","decl":{"start":{"line":16,"column":2},"end":{"line":16,"column":3}},"loc":{"start":{"line":16,"column":13},"end":{"line":18,"column":3}},"line":16}},"branchMap":{},"s":{"0":160,"1":160,"2":160,"3":14,"4":6,"5":6,"6":1},"f":{"0":160,"1":14,"2":6,"3":6},"b":{},"_coverageSchema":"1a1c01bbd47fc00a2c39e90264f33305004495a9","hash":"0ae86cb5417117ae7f1a3f6776ba6373b2a627fd"}
,"/home/lavio/github/eda/eda/Tree/Tree.js": {"path":"/home/lavio/github/eda/eda/Tree/Tree.js","statementMap":{"0":{"start":{"line":1,"column":13},"end":{"line":1,"column":30}},"1":{"start":{"line":5,"column":4},"end":{"line":5,"column":21}},"2":{"start":{"line":9,"column":17},"end":{"line":9,"column":31}},"3":{"start":{"line":10,"column":4},"end":{"line":14,"column":5}},"4":{"start":{"line":11,"column":6},"end":{"line":11,"column":23}},"5":{"start":{"line":13,"column":6},"end":{"line":13,"column":39}},"6":{"start":{"line":18,"column":4},"end":{"line":30,"column":5}},"7":{"start":{"line":19,"column":6},"end":{"line":23,"column":7}},"8":{"start":{"line":20,"column":8},"end":{"line":20,"column":28}},"9":{"start":{"line":22,"column":8},"end":{"line":22,"column":44}},"10":{"start":{"line":25,"column":6},"end":{"line":29,"column":7}},"11":{"start":{"line":26,"column":8},"end":{"line":26,"column":29}},"12":{"start":{"line":28,"column":8},"end":{"line":28,"column":45}},"13":{"start":{"line":34,"column":4},"end":{"line":38,"column":5}},"14":{"start":{"line":35,"column":6},"end":{"line":35,"column":18}},"15":{"start":{"line":37,"column":6},"end":{"line":37,"column":51}},"16":{"start":{"line":42,"column":4},"end":{"line":62,"column":5}},"17":{"start":{"line":43,"column":6},"end":{"line":55,"column":7}},"18":{"start":{"line":44,"column":8},"end":{"line":44,"column":20}},"19":{"start":{"line":45,"column":13},"end":{"line":55,"column":7}},"20":{"start":{"line":46,"column":8},"end":{"line":46,"column":26}},"21":{"start":{"line":47,"column":13},"end":{"line":55,"column":7}},"22":{"start":{"line":48,"column":8},"end":{"line":48,"column":25}},"23":{"start":{"line":50,"column":21},"end":{"line":50,"column":59}},"24":{"start":{"line":52,"column":8},"end":{"line":52,"column":30}},"25":{"start":{"line":53,"column":8},"end":{"line":53,"column":60}},"26":{"start":{"line":54,"column":8},"end":{"line":54,"column":20}},"27":{"start":{"line":56,"column":11},"end":{"line":62,"column":5}},"28":{"start":{"line":57,"column":6},"end":{"line":57,"column":51}},"29":{"start":{"line":58,"column":6},"end":{"line":58,"column":18}},"30":{"start":{"line":60,"column":6},"end":{"line":60,"column":53}},"31":{"start":{"line":61,"column":6},"end":{"line":61,"column":18}},"32":{"start":{"line":66,"column":4},"end":{"line":68,"column":5}},"33":{"start":{"line":67,"column":6},"end":{"line":67,"column":18}},"34":{"start":{"line":69,"column":4},"end":{"line":69,"column":49}},"35":{"start":{"line":73,"column":4},"end":{"line":73,"column":38}},"36":{"start":{"line":77,"column":4},"end":{"line":77,"column":37}},"37":{"start":{"line":81,"column":4},"end":{"line":81,"column":39}},"38":{"start":{"line":85,"column":4},"end":{"line":87,"column":5}},"39":{"start":{"line":86,"column":6},"end":{"line":86,"column":13}},"40":{"start":{"line":88,"column":4},"end":{"line":88,"column":27}},"41":{"start":{"line":89,"column":4},"end":{"line":89,"column":38}},"42":{"start":{"line":90,"column":4},"end":{"line":90,"column":39}},"43":{"start":{"line":94,"column":4},"end":{"line":96,"column":5}},"44":{"start":{"line":95,"column":6},"end":{"line":95,"column":13}},"45":{"start":{"line":97,"column":4},"end":{"line":97,"column":37}},"46":{"start":{"line":98,"column":4},"end":{"line":98,"column":27}},"47":{"start":{"line":99,"column":4},"end":{"line":99,"column":38}},"48":{"start":{"line":103,"column":4},"end":{"line":105,"column":5}},"49":{"start":{"line":104,"column":6},"end":{"line":104,"column":13}},"50":{"start":{"line":106,"column":4},"end":{"line":106,"column":39}},"51":{"start":{"line":107,"column":4},"end":{"line":107,"column":40}},"52":{"start":{"line":108,"column":4},"end":{"line":108,"column":27}},"53":{"start":{"line":112,"column":4},"end":{"line":116,"column":5}},"54":{"start":{"line":113,"column":6},"end":{"line":113,"column":18}},"55":{"start":{"line":115,"column":6},"end":{"line":115,"column":44}},"56":{"start":{"line":120,"column":4},"end":{"line":128,"column":5}},"57":{"start":{"line":121,"column":6},"end":{"line":121,"column":18}},"58":{"start":{"line":122,"column":11},"end":{"line":128,"column":5}},"59":{"start":{"line":123,"column":6},"end":{"line":123,"column":44}},"60":{"start":{"line":124,"column":11},"end":{"line":128,"column":5}},"61":{"start":{"line":125,"column":6},"end":{"line":125,"column":45}},"62":{"start":{"line":127,"column":6},"end":{"line":127,"column":18}},"63":{"start":{"line":132,"column":4},"end":{"line":132,"column":39}},"64":{"start":{"line":136,"column":4},"end":{"line":138,"column":5}},"65":{"start":{"line":137,"column":6},"end":{"line":137,"column":15}},"66":{"start":{"line":139,"column":4},"end":{"line":139,"column":74}},"67":{"start":{"line":143,"column":4},"end":{"line":143,"column":21}},"68":{"start":{"line":147,"column":0},"end":{"line":147,"column":22}}},"fnMap":{"0":{"name":"(anonymous_0)","decl":{"start":{"line":4,"column":2},"end":{"line":4,"column":3}},"loc":{"start":{"line":4,"column":16},"end":{"line":6,"column":3}},"line":4},"1":{"name":"(anonymous_1)","decl":{"start":{"line":8,"column":2},"end":{"line":8,"column":3}},"loc":{"start":{"line":8,"column":15},"end":{"line":15,"column":3}},"line":8},"2":{"name":"(anonymous_2)","decl":{"start":{"line":17,"column":2},"end":{"line":17,"column":3}},"loc":{"start":{"line":17,"column":28},"end":{"line":31,"column":3}},"line":17},"3":{"name":"(anonymous_3)","decl":{"start":{"line":33,"column":2},"end":{"line":33,"column":3}},"loc":{"start":{"line":33,"column":15},"end":{"line":39,"column":3}},"line":33},"4":{"name":"(anonymous_4)","decl":{"start":{"line":41,"column":2},"end":{"line":41,"column":3}},"loc":{"start":{"line":41,"column":25},"end":{"line":63,"column":3}},"line":41},"5":{"name":"(anonymous_5)","decl":{"start":{"line":65,"column":2},"end":{"line":65,"column":3}},"loc":{"start":{"line":65,"column":30},"end":{"line":70,"column":3}},"line":65},"6":{"name":"(anonymous_6)","decl":{"start":{"line":72,"column":2},"end":{"line":72,"column":3}},"loc":{"start":{"line":72,"column":18},"end":{"line":74,"column":3}},"line":72},"7":{"name":"(anonymous_7)","decl":{"start":{"line":76,"column":2},"end":{"line":76,"column":3}},"loc":{"start":{"line":76,"column":17},"end":{"line":78,"column":3}},"line":76},"8":{"name":"(anonymous_8)","decl":{"start":{"line":80,"column":2},"end":{"line":80,"column":3}},"loc":{"start":{"line":80,"column":19},"end":{"line":82,"column":3}},"line":80},"9":{"name":"(anonymous_9)","decl":{"start":{"line":84,"column":2},"end":{"line":84,"column":3}},"loc":{"start":{"line":84,"column":26},"end":{"line":91,"column":3}},"line":84},"10":{"name":"(anonymous_10)","decl":{"start":{"line":93,"column":2},"end":{"line":93,"column":3}},"loc":{"start":{"line":93,"column":25},"end":{"line":100,"column":3}},"line":93},"11":{"name":"(anonymous_11)","decl":{"start":{"line":102,"column":2},"end":{"line":102,"column":3}},"loc":{"start":{"line":102,"column":27},"end":{"line":109,"column":3}},"line":102},"12":{"name":"(anonymous_12)","decl":{"start":{"line":111,"column":2},"end":{"line":111,"column":3}},"loc":{"start":{"line":111,"column":13},"end":{"line":117,"column":3}},"line":111},"13":{"name":"(anonymous_13)","decl":{"start":{"line":119,"column":2},"end":{"line":119,"column":3}},"loc":{"start":{"line":119,"column":23},"end":{"line":129,"column":3}},"line":119},"14":{"name":"(anonymous_14)","decl":{"start":{"line":131,"column":2},"end":{"line":131,"column":3}},"loc":{"start":{"line":131,"column":12},"end":{"line":133,"column":3}},"line":131},"15":{"name":"(anonymous_15)","decl":{"start":{"line":135,"column":2},"end":{"line":135,"column":3}},"loc":{"start":{"line":135,"column":20},"end":{"line":140,"column":3}},"line":135},"16":{"name":"(anonymous_16)","decl":{"start":{"line":142,"column":2},"end":{"line":142,"column":3}},"loc":{"start":{"line":142,"column":10},"end":{"line":144,"column":3}},"line":142}},"branchMap":{"0":{"loc":{"start":{"line":10,"column":4},"end":{"line":14,"column":5}},"type":"if","locations":[{"start":{"line":10,"column":4},"end":{"line":14,"column":5}},{"start":{"line":12,"column":11},"end":{"line":14,"column":5}}],"line":10},"1":{"loc":{"start":{"line":18,"column":4},"end":{"line":30,"column":5}},"type":"if","locations":[{"start":{"line":18,"column":4},"end":{"line":30,"column":5}},{"start":{"line":24,"column":11},"end":{"line":30,"column":5}}],"line":18},"2":{"loc":{"start":{"line":19,"column":6},"end":{"line":23,"column":7}},"type":"if","locations":[{"start":{"line":19,"column":6},"end":{"line":23,"column":7}},{"start":{"line":21,"column":13},"end":{"line":23,"column":7}}],"line":19},"3":{"loc":{"start":{"line":25,"column":6},"end":{"line":29,"column":7}},"type":"if","locations":[{"start":{"line":25,"column":6},"end":{"line":29,"column":7}},{"start":{"line":27,"column":13},"end":{"line":29,"column":7}}],"line":25},"4":{"loc":{"start":{"line":34,"column":4},"end":{"line":38,"column":5}},"type":"if","locations":[{"start":{"line":34,"column":4},"end":{"line":38,"column":5}},{"start":{"line":36,"column":11},"end":{"line":38,"column":5}}],"line":34},"5":{"loc":{"start":{"line":42,"column":4},"end":{"line":62,"column":5}},"type":"if","locations":[{"start":{"line":42,"column":4},"end":{"line":62,"column":5}},{"start":{"line":56,"column":11},"end":{"line":62,"column":5}}],"line":42},"6":{"loc":{"start":{"line":43,"column":6},"end":{"line":55,"column":7}},"type":"if","locations":[{"start":{"line":43,"column":6},"end":{"line":55,"column":7}},{"start":{"line":45,"column":13},"end":{"line":55,"column":7}}],"line":43},"7":{"loc":{"start":{"line":43,"column":10},"end":{"line":43,"column":51}},"type":"binary-expr","locations":[{"start":{"line":43,"column":10},"end":{"line":43,"column":28}},{"start":{"line":43,"column":32},"end":{"line":43,"column":51}}],"line":43},"8":{"loc":{"start":{"line":45,"column":13},"end":{"line":55,"column":7}},"type":"if","locations":[{"start":{"line":45,"column":13},"end":{"line":55,"column":7}},{"start":{"line":47,"column":13},"end":{"line":55,"column":7}}],"line":45},"9":{"loc":{"start":{"line":47,"column":13},"end":{"line":55,"column":7}},"type":"if","locations":[{"start":{"line":47,"column":13},"end":{"line":55,"column":7}},{"start":{"line":49,"column":13},"end":{"line":55,"column":7}}],"line":47},"10":{"loc":{"start":{"line":56,"column":11},"end":{"line":62,"column":5}},"type":"if","locations":[{"start":{"line":56,"column":11},"end":{"line":62,"column":5}},{"start":{"line":59,"column":11},"end":{"line":62,"column":5}}],"line":56},"11":{"loc":{"start":{"line":66,"column":4},"end":{"line":68,"column":5}},"type":"if","locations":[{"start":{"line":66,"column":4},"end":{"line":68,"column":5}},{"start":{},"end":{}}],"line":66},"12":{"loc":{"start":{"line":85,"column":4},"end":{"line":87,"column":5}},"type":"if","locations":[{"start":{"line":85,"column":4},"end":{"line":87,"column":5}},{"start":{},"end":{}}],"line":85},"13":{"loc":{"start":{"line":94,"column":4},"end":{"line":96,"column":5}},"type":"if","locations":[{"start":{"line":94,"column":4},"end":{"line":96,"column":5}},{"start":{},"end":{}}],"line":94},"14":{"loc":{"start":{"line":103,"column":4},"end":{"line":105,"column":5}},"type":"if","locations":[{"start":{"line":103,"column":4},"end":{"line":105,"column":5}},{"start":{},"end":{}}],"line":103},"15":{"loc":{"start":{"line":112,"column":4},"end":{"line":116,"column":5}},"type":"if","locations":[{"start":{"line":112,"column":4},"end":{"line":116,"column":5}},{"start":{"line":114,"column":11},"end":{"line":116,"column":5}}],"line":112},"16":{"loc":{"start":{"line":120,"column":4},"end":{"line":128,"column":5}},"type":"if","locations":[{"start":{"line":120,"column":4},"end":{"line":128,"column":5}},{"start":{"line":122,"column":11},"end":{"line":128,"column":5}}],"line":120},"17":{"loc":{"start":{"line":122,"column":11},"end":{"line":128,"column":5}},"type":"if","locations":[{"start":{"line":122,"column":11},"end":{"line":128,"column":5}},{"start":{"line":124,"column":11},"end":{"line":128,"column":5}}],"line":122},"18":{"loc":{"start":{"line":122,"column":15},"end":{"line":122,"column":53}},"type":"binary-expr","locations":[{"start":{"line":122,"column":15},"end":{"line":122,"column":31}},{"start":{"line":122,"column":35},"end":{"line":122,"column":53}}],"line":122},"19":{"loc":{"start":{"line":124,"column":11},"end":{"line":128,"column":5}},"type":"if","locations":[{"start":{"line":124,"column":11},"end":{"line":128,"column":5}},{"start":{"line":126,"column":11},"end":{"line":128,"column":5}}],"line":124},"20":{"loc":{"start":{"line":124,"column":15},"end":{"line":124,"column":54}},"type":"binary-expr","locations":[{"start":{"line":124,"column":15},"end":{"line":124,"column":31}},{"start":{"line":124,"column":35},"end":{"line":124,"column":54}}],"line":124},"21":{"loc":{"start":{"line":136,"column":4},"end":{"line":138,"column":5}},"type":"if","locations":[{"start":{"line":136,"column":4},"end":{"line":138,"column":5}},{"start":{},"end":{}}],"line":136}},"s":{"0":1,"1":16,"2":159,"3":159,"4":16,"5":143,"6":409,"7":180,"8":67,"9":113,"10":229,"11":76,"12":153,"13":6,"14":1,"15":5,"16":18,"17":6,"18":3,"19":3,"20":1,"21":2,"22":1,"23":1,"24":1,"25":1,"26":1,"27":12,"28":9,"29":9,"30":3,"31":3,"32":3,"33":1,"34":2,"35":1,"36":6,"37":1,"38":31,"39":16,"40":15,"41":15,"42":15,"43":172,"44":89,"45":83,"46":83,"47":83,"48":31,"49":16,"50":15,"51":15,"52":15,"53":14,"54":1,"55":13,"56":32,"57":6,"58":26,"59":10,"60":16,"61":9,"62":7,"63":12,"64":218,"65":115,"66":103,"67":4,"68":1},"f":{"0":16,"1":159,"2":409,"3":6,"4":18,"5":3,"6":1,"7":6,"8":1,"9":31,"10":172,"11":31,"12":14,"13":32,"14":12,"15":218,"16":4},"b":{"0":[16,143],"1":[180,229],"2":[67,113],"3":[76,153],"4":[1,5],"5":[6,12],"6":[3,3],"7":[6,4],"8":[1,2],"9":[1,1],"10":[9,3],"11":[1,2],"12":[16,15],"13":[89,83],"14":[16,15],"15":[1,13],"16":[6,26],"17":[10,16],"18":[26,12],"19":[9,7],"20":[16,14],"21":[115,103]},"_coverageSchema":"1a1c01bbd47fc00a2c39e90264f33305004495a9","hash":"899010f8b1f281316f633b5ae30965c3e056a6b2"}
}
