TN:
SF:binarySearch.js
FN:1,binarySearch
FNF:1
FNH:1
FNDA:7,binarySearch
DA:2,7
DA:3,2
DA:5,5
DA:6,5
DA:7,5
DA:8,8
DA:9,8
DA:10,3
DA:11,5
DA:12,3
DA:14,2
DA:16,2
DA:19,1
LF:13
LH:13
BRDA:2,0,0,2
BRDA:2,0,1,5
BRDA:2,1,0,7
BRDA:2,1,1,6
BRDA:9,2,0,3
BRDA:9,2,1,5
BRDA:11,3,0,3
BRDA:11,3,1,2
BRF:8
BRH:8
end_of_record
TN:
SF:quicksort.js
FN:1,quickSort
FN:10,(anonymous_1)
FN:11,(anonymous_2)
FNF:3
FNH:3
FNDA:44,quickSort
FNDA:83,(anonymous_1)
FNDA:83,(anonymous_2)
DA:2,44
DA:3,2
DA:5,42
DA:6,23
DA:8,19
DA:9,19
DA:10,83
DA:11,83
DA:13,19
DA:16,1
LF:10
LH:10
BRDA:2,0,0,2
BRDA:2,0,1,42
BRDA:2,1,0,44
BRDA:2,1,1,43
BRDA:5,2,0,23
BRDA:5,2,1,19
BRF:6
BRH:6
end_of_record
