TN:
SF:binarySearch.js
FN:1,binarySearch
FNF:1
FNH:1
FNDA:7,binarySearch
DA:2,7
DA:3,2
DA:5,5
DA:6,5
DA:7,5
DA:8,8
DA:9,8
DA:10,3
DA:11,5
DA:12,3
DA:14,2
DA:16,2
DA:19,1
LF:13
LH:13
BRDA:2,0,0,2
BRDA:2,0,1,5
BRDA:2,1,0,7
BRDA:2,1,1,6
BRDA:9,2,0,3
BRDA:9,2,1,5
BRDA:11,3,0,3
BRDA:11,3,1,2
BRF:8
BRH:8
end_of_record
TN:
SF:hash.js
FN:5,hash
FN:8,(anonymous_1)
FN:8,(anonymous_2)
FN:15,set
FN:23,get
FN:31,clear
FNF:6
FNH:6
FNDA:10,hash
FNDA:24,(anonymous_1)
FNDA:16,(anonymous_2)
FNDA:5,set
FNDA:5,get
FNDA:5,clear
DA:1,1
DA:2,1
DA:3,1
DA:6,10
DA:7,10
DA:8,24
DA:10,10
DA:12,10
DA:16,5
DA:17,5
DA:18,4
DA:20,5
DA:24,5
DA:25,5
DA:26,1
DA:28,4
DA:32,5
DA:35,1
LF:18
LH:18
BRDA:7,0,0,8
BRDA:7,0,1,2
BRDA:17,1,0,4
BRDA:17,1,1,1
BRDA:25,2,0,1
BRDA:25,2,1,4
BRDA:28,3,0,3
BRDA:28,3,1,1
BRF:8
BRH:8
end_of_record
TN:
SF:quicksort.js
FN:1,quickSort
FN:10,(anonymous_1)
FN:11,(anonymous_2)
FNF:3
FNH:3
FNDA:44,quickSort
FNDA:76,(anonymous_1)
FNDA:76,(anonymous_2)
DA:2,44
DA:3,2
DA:5,42
DA:6,23
DA:8,19
DA:9,19
DA:10,76
DA:11,76
DA:13,19
DA:16,1
LF:10
LH:10
BRDA:2,0,0,2
BRDA:2,0,1,42
BRDA:2,1,0,44
BRDA:2,1,1,43
BRDA:5,2,0,23
BRDA:5,2,1,19
BRF:6
BRH:6
end_of_record
TN:
SF:selectionSort.js
FN:1,findMin
FN:12,selectionSort
FNF:2
FNH:2
FNDA:30,findMin
FNDA:6,selectionSort
DA:2,30
DA:3,30
DA:4,140
DA:5,140
DA:6,55
DA:9,30
DA:13,6
DA:14,2
DA:16,4
DA:17,4
DA:18,4
DA:19,30
DA:20,30
DA:21,30
DA:22,30
DA:24,4
DA:27,1
LF:17
LH:17
BRDA:5,0,0,55
BRDA:5,0,1,85
BRDA:13,1,0,2
BRDA:13,1,1,4
BRDA:13,2,0,6
BRDA:13,2,1,5
BRF:6
BRH:6
end_of_record
TN:
SF:Array/Array.js
FN:4,(anonymous_0)
FN:10,(anonymous_1)
FN:14,(anonymous_2)
FN:18,(anonymous_3)
FN:22,(anonymous_4)
FN:35,(anonymous_5)
FN:41,(anonymous_6)
FN:46,(anonymous_7)
FN:70,(anonymous_8)
FN:78,(anonymous_9)
FN:86,(anonymous_10)
FNF:11
FNH:11
FNDA:10,(anonymous_0)
FNDA:7,(anonymous_1)
FNDA:7,(anonymous_2)
FNDA:7,(anonymous_3)
FNDA:29,(anonymous_4)
FNDA:1,(anonymous_5)
FNDA:1,(anonymous_6)
FNDA:4,(anonymous_7)
FNDA:1,(anonymous_8)
FNDA:1,(anonymous_9)
FNDA:2,(anonymous_10)
DA:1,1
DA:5,10
DA:6,10
DA:7,10
DA:11,7
DA:15,7
DA:19,7
DA:23,29
DA:24,29
DA:25,9
DA:26,9
DA:28,20
DA:29,20
DA:30,20
DA:32,29
DA:36,1
DA:37,1
DA:38,1
DA:42,1
DA:43,1
DA:47,4
DA:48,4
DA:49,7
DA:50,3
DA:51,2
DA:53,3
DA:54,1
DA:56,3
DA:57,1
DA:59,3
DA:60,2
DA:62,3
DA:63,3
DA:65,4
DA:67,1
DA:71,1
DA:72,1
DA:73,5
DA:74,5
DA:79,1
DA:80,1
DA:81,5
DA:82,5
DA:87,2
DA:88,2
DA:89,2
DA:90,6
DA:91,1
DA:93,5
DA:94,5
DA:96,1
DA:100,1
LF:52
LH:52
BRDA:24,0,0,9
BRDA:24,0,1,20
BRDA:49,1,0,3
BRDA:49,1,1,4
BRDA:50,2,0,2
BRDA:50,2,1,1
BRDA:53,3,0,1
BRDA:53,3,1,2
BRDA:56,4,0,1
BRDA:56,4,1,2
BRDA:59,5,0,2
BRDA:59,5,1,1
BRDA:90,6,0,1
BRDA:90,6,1,5
BRF:14
BRH:14
end_of_record
TN:
SF:Array/Node.js
FN:2,(anonymous_0)
FN:11,(anonymous_1)
FN:15,(anonymous_2)
FN:19,(anonymous_3)
FNF:4
FNH:4
FNDA:31,(anonymous_0)
FNDA:12,(anonymous_1)
FNDA:1,(anonymous_2)
FNDA:1,(anonymous_3)
DA:3,31
DA:4,1
DA:6,30
DA:7,30
DA:8,30
DA:12,12
DA:16,1
DA:20,1
DA:24,1
LF:9
LH:9
BRDA:3,0,0,1
BRDA:3,0,1,30
BRDA:3,1,0,31
BRDA:3,1,1,31
BRF:4
BRH:4
end_of_record
TN:
SF:Tree/Node.js
FN:2,(anonymous_0)
FN:11,(anonymous_1)
FN:15,(anonymous_2)
FN:19,(anonymous_3)
FNF:4
FNH:4
FNDA:161,(anonymous_0)
FNDA:14,(anonymous_1)
FNDA:6,(anonymous_2)
FNDA:6,(anonymous_3)
DA:3,161
DA:4,1
DA:6,160
DA:7,160
DA:8,160
DA:12,14
DA:16,6
DA:20,6
DA:24,1
LF:9
LH:9
BRDA:3,0,0,1
BRDA:3,0,1,160
BRDA:3,1,0,161
BRDA:3,1,1,161
BRF:4
BRH:4
end_of_record
TN:
SF:Tree/Tree.js
FN:4,(anonymous_0)
FN:8,(anonymous_1)
FN:17,(anonymous_2)
FN:33,(anonymous_3)
FN:41,(anonymous_4)
FN:65,(anonymous_5)
FN:72,(anonymous_6)
FN:76,(anonymous_7)
FN:80,(anonymous_8)
FN:84,(anonymous_9)
FN:93,(anonymous_10)
FN:102,(anonymous_11)
FN:111,(anonymous_12)
FN:119,(anonymous_13)
FN:131,(anonymous_14)
FN:135,(anonymous_15)
FN:142,(anonymous_16)
FNF:17
FNH:17
FNDA:16,(anonymous_0)
FNDA:159,(anonymous_1)
FNDA:409,(anonymous_2)
FNDA:6,(anonymous_3)
FNDA:18,(anonymous_4)
FNDA:3,(anonymous_5)
FNDA:1,(anonymous_6)
FNDA:6,(anonymous_7)
FNDA:1,(anonymous_8)
FNDA:31,(anonymous_9)
FNDA:172,(anonymous_10)
FNDA:31,(anonymous_11)
FNDA:14,(anonymous_12)
FNDA:32,(anonymous_13)
FNDA:12,(anonymous_14)
FNDA:218,(anonymous_15)
FNDA:4,(anonymous_16)
DA:1,1
DA:5,16
DA:9,159
DA:10,159
DA:11,16
DA:13,143
DA:18,409
DA:19,180
DA:20,67
DA:22,113
DA:25,229
DA:26,76
DA:28,153
DA:34,6
DA:35,1
DA:37,5
DA:42,18
DA:43,6
DA:44,3
DA:45,3
DA:46,1
DA:47,2
DA:48,1
DA:50,1
DA:52,1
DA:53,1
DA:54,1
DA:56,12
DA:57,9
DA:58,9
DA:60,3
DA:61,3
DA:66,3
DA:67,1
DA:69,2
DA:73,1
DA:77,6
DA:81,1
DA:85,31
DA:86,16
DA:88,15
DA:89,15
DA:90,15
DA:94,172
DA:95,89
DA:97,83
DA:98,83
DA:99,83
DA:103,31
DA:104,16
DA:106,15
DA:107,15
DA:108,15
DA:112,14
DA:113,1
DA:115,13
DA:120,32
DA:121,6
DA:122,26
DA:123,10
DA:124,16
DA:125,9
DA:127,7
DA:132,12
DA:136,218
DA:137,115
DA:139,103
DA:143,4
DA:147,1
LF:69
LH:69
BRDA:10,0,0,16
BRDA:10,0,1,143
BRDA:18,1,0,180
BRDA:18,1,1,229
BRDA:19,2,0,67
BRDA:19,2,1,113
BRDA:25,3,0,76
BRDA:25,3,1,153
BRDA:34,4,0,1
BRDA:34,4,1,5
BRDA:42,5,0,6
BRDA:42,5,1,12
BRDA:43,6,0,3
BRDA:43,6,1,3
BRDA:43,7,0,6
BRDA:43,7,1,4
BRDA:45,8,0,1
BRDA:45,8,1,2
BRDA:47,9,0,1
BRDA:47,9,1,1
BRDA:56,10,0,9
BRDA:56,10,1,3
BRDA:66,11,0,1
BRDA:66,11,1,2
BRDA:85,12,0,16
BRDA:85,12,1,15
BRDA:94,13,0,89
BRDA:94,13,1,83
BRDA:103,14,0,16
BRDA:103,14,1,15
BRDA:112,15,0,1
BRDA:112,15,1,13
BRDA:120,16,0,6
BRDA:120,16,1,26
BRDA:122,17,0,10
BRDA:122,17,1,16
BRDA:122,18,0,26
BRDA:122,18,1,12
BRDA:124,19,0,9
BRDA:124,19,1,7
BRDA:124,20,0,16
BRDA:124,20,1,14
BRDA:136,21,0,115
BRDA:136,21,1,103
BRF:44
BRH:44
end_of_record
